{"/Users/apple/Projects/team-rogue/spec/DiceSpec.js":{"path":"/Users/apple/Projects/team-rogue/spec/DiceSpec.js","s":{"1":1,"2":1,"3":1,"4":1,"5":3,"6":1,"7":1,"8":1,"9":1,"10":1,"11":1,"12":1,"13":1,"14":1,"15":1},"b":{},"f":{"1":1,"2":3,"3":1,"4":1,"5":1},"fnMap":{"1":{"name":"(anonymous_1)","line":2,"loc":{"start":{"line":2,"column":17},"end":{"line":2,"column":27}}},"2":{"name":"(anonymous_2)","line":7,"loc":{"start":{"line":7,"column":13},"end":{"line":7,"column":24}}},"3":{"name":"(anonymous_3)","line":11,"loc":{"start":{"line":11,"column":28},"end":{"line":11,"column":38}}},"4":{"name":"(anonymous_4)","line":15,"loc":{"start":{"line":15,"column":48},"end":{"line":15,"column":58}}},"5":{"name":"(anonymous_5)","line":21,"loc":{"start":{"line":21,"column":49},"end":{"line":21,"column":59}}}},"statementMap":{"1":{"start":{"line":2,"column":0},"end":{"line":26,"column":3}},"2":{"start":{"line":4,"column":2},"end":{"line":4,"column":36}},"3":{"start":{"line":5,"column":2},"end":{"line":5,"column":11}},"4":{"start":{"line":7,"column":2},"end":{"line":9,"column":5}},"5":{"start":{"line":8,"column":4},"end":{"line":8,"column":22}},"6":{"start":{"line":11,"column":2},"end":{"line":13,"column":5}},"7":{"start":{"line":12,"column":4},"end":{"line":12,"column":31}},"8":{"start":{"line":15,"column":2},"end":{"line":19,"column":5}},"9":{"start":{"line":16,"column":4},"end":{"line":16,"column":45}},"10":{"start":{"line":17,"column":4},"end":{"line":17,"column":47}},"11":{"start":{"line":18,"column":4},"end":{"line":18,"column":36}},"12":{"start":{"line":21,"column":2},"end":{"line":25,"column":5}},"13":{"start":{"line":22,"column":4},"end":{"line":22,"column":44}},"14":{"start":{"line":23,"column":4},"end":{"line":23,"column":50}},"15":{"start":{"line":24,"column":4},"end":{"line":24,"column":42}}},"branchMap":{}},"/Users/apple/Projects/team-rogue/src/Dice.js":{"path":"/Users/apple/Projects/team-rogue/src/Dice.js","s":{"1":1,"2":1,"3":0,"4":1,"5":0,"6":0,"7":0,"8":0,"9":1},"b":{},"f":{"1":3,"2":0,"3":0},"fnMap":{"1":{"name":"Dice","line":2,"loc":{"start":{"line":2,"column":0},"end":{"line":2,"column":15}}},"2":{"name":"(anonymous_2)","line":5,"loc":{"start":{"line":5,"column":26},"end":{"line":5,"column":38}}},"3":{"name":"(anonymous_3)","line":9,"loc":{"start":{"line":9,"column":29},"end":{"line":9,"column":49}}}},"statementMap":{"1":{"start":{"line":2,"column":0},"end":{"line":3,"column":1}},"2":{"start":{"line":5,"column":0},"end":{"line":7,"column":1}},"3":{"start":{"line":6,"column":2},"end":{"line":6,"column":46}},"4":{"start":{"line":9,"column":0},"end":{"line":15,"column":2}},"5":{"start":{"line":10,"column":2},"end":{"line":10,"column":25}},"6":{"start":{"line":11,"column":2},"end":{"line":13,"column":3}},"7":{"start":{"line":12,"column":4},"end":{"line":12,"column":29}},"8":{"start":{"line":14,"column":2},"end":{"line":14,"column":76}},"9":{"start":{"line":16,"column":0},"end":{"line":16,"column":22}}},"branchMap":{}},"/Users/apple/Projects/team-rogue/spec/TestSpec.js":{"path":"/Users/apple/Projects/team-rogue/spec/TestSpec.js","s":{"1":1,"2":1,"3":1,"4":1,"5":1},"b":{},"f":{"1":1,"2":1},"fnMap":{"1":{"name":"(anonymous_1)","line":1,"loc":{"start":{"line":1,"column":22},"end":{"line":1,"column":32}}},"2":{"name":"(anonymous_2)","line":5,"loc":{"start":{"line":5,"column":27},"end":{"line":5,"column":37}}}},"statementMap":{"1":{"start":{"line":1,"column":0},"end":{"line":8,"column":3}},"2":{"start":{"line":2,"column":2},"end":{"line":2,"column":48}},"3":{"start":{"line":3,"column":2},"end":{"line":3,"column":26}},"4":{"start":{"line":5,"column":2},"end":{"line":7,"column":5}},"5":{"start":{"line":6,"column":4},"end":{"line":6,"column":48}}},"branchMap":{}},"/Users/apple/Projects/team-rogue/src/HelloWorld.js":{"path":"/Users/apple/Projects/team-rogue/src/HelloWorld.js","s":{"1":1,"2":1,"3":1,"4":1},"b":{},"f":{"1":1,"2":1},"fnMap":{"1":{"name":"HelloWorld","line":1,"loc":{"start":{"line":1,"column":0},"end":{"line":1,"column":23}}},"2":{"name":"(anonymous_2)","line":3,"loc":{"start":{"line":3,"column":29},"end":{"line":3,"column":41}}}},"statementMap":{"1":{"start":{"line":1,"column":0},"end":{"line":1,"column":25}},"2":{"start":{"line":3,"column":0},"end":{"line":5,"column":1}},"3":{"start":{"line":4,"column":2},"end":{"line":4,"column":23}},"4":{"start":{"line":7,"column":0},"end":{"line":7,"column":28}}},"branchMap":{}}}