{"/Users/leoncross/Dropbox/Coding/Makers/week10/team-rogue/spec/TestSpec.js":{"path":"/Users/leoncross/Dropbox/Coding/Makers/week10/team-rogue/spec/TestSpec.js","s":{"1":1,"2":1,"3":1,"4":1,"5":1},"b":{},"f":{"1":1,"2":1},"fnMap":{"1":{"name":"(anonymous_1)","line":1,"loc":{"start":{"line":1,"column":22},"end":{"line":1,"column":32}}},"2":{"name":"(anonymous_2)","line":5,"loc":{"start":{"line":5,"column":27},"end":{"line":5,"column":37}}}},"statementMap":{"1":{"start":{"line":1,"column":0},"end":{"line":8,"column":3}},"2":{"start":{"line":2,"column":2},"end":{"line":2,"column":48}},"3":{"start":{"line":3,"column":2},"end":{"line":3,"column":26}},"4":{"start":{"line":5,"column":2},"end":{"line":7,"column":5}},"5":{"start":{"line":6,"column":4},"end":{"line":6,"column":48}}},"branchMap":{}},"/Users/leoncross/Dropbox/Coding/Makers/week10/team-rogue/src/HelloWorld.js":{"path":"/Users/leoncross/Dropbox/Coding/Makers/week10/team-rogue/src/HelloWorld.js","s":{"1":1,"2":1,"3":1,"4":1},"b":{},"f":{"1":1,"2":1},"fnMap":{"1":{"name":"HelloWorld","line":1,"loc":{"start":{"line":1,"column":0},"end":{"line":1,"column":21}}},"2":{"name":"(anonymous_2)","line":3,"loc":{"start":{"line":3,"column":29},"end":{"line":3,"column":41}}}},"statementMap":{"1":{"start":{"line":1,"column":0},"end":{"line":1,"column":23}},"2":{"start":{"line":3,"column":0},"end":{"line":5,"column":2}},"3":{"start":{"line":4,"column":2},"end":{"line":4,"column":23}},"4":{"start":{"line":7,"column":0},"end":{"line":7,"column":28}}},"branchMap":{}}}