TN:
SF:/Users/apple/Projects/team-rogue/spec/DiceSpec.js
FN:2,(anonymous_1)
FN:7,(anonymous_2)
FN:11,(anonymous_3)
FN:15,(anonymous_4)
FN:21,(anonymous_5)
FNF:5
FNH:5
FNDA:1,(anonymous_1)
FNDA:3,(anonymous_2)
FNDA:1,(anonymous_3)
FNDA:1,(anonymous_4)
FNDA:1,(anonymous_5)
DA:2,1
DA:4,1
DA:5,1
DA:7,1
DA:8,3
DA:11,1
DA:12,1
DA:15,1
DA:16,1
DA:17,1
DA:18,1
DA:21,1
DA:22,1
DA:23,1
DA:24,1
LF:15
LH:15
BRF:0
BRH:0
end_of_record
TN:
SF:/Users/apple/Projects/team-rogue/src/Dice.js
FN:2,Dice
FN:5,(anonymous_2)
FN:9,(anonymous_3)
FNF:3
FNH:1
FNDA:3,Dice
FNDA:0,(anonymous_2)
FNDA:0,(anonymous_3)
DA:2,1
DA:5,1
DA:6,0
DA:9,1
DA:10,0
DA:11,0
DA:12,0
DA:14,0
DA:16,1
LF:9
LH:4
BRF:0
BRH:0
end_of_record
TN:
SF:/Users/apple/Projects/team-rogue/spec/TestSpec.js
FN:1,(anonymous_1)
FN:5,(anonymous_2)
FNF:2
FNH:2
FNDA:1,(anonymous_1)
FNDA:1,(anonymous_2)
DA:1,1
DA:2,1
DA:3,1
DA:5,1
DA:6,1
LF:5
LH:5
BRF:0
BRH:0
end_of_record
TN:
SF:/Users/apple/Projects/team-rogue/src/HelloWorld.js
FN:1,HelloWorld
FN:3,(anonymous_2)
FNF:2
FNH:2
FNDA:1,HelloWorld
FNDA:1,(anonymous_2)
DA:1,1
DA:3,1
DA:4,1
DA:7,1
LF:4
LH:4
BRF:0
BRH:0
end_of_record
